TN:
SF:src\function\add.js
FN:1,add
FNF:1
FNH:1
FNDA:3,add
DA:2,3
DA:5,1
LF:2
LH:2
BRF:0
BRH:0
end_of_record
TN:
SF:src\function\getUser.js
FN:1,getUserFromDatabase
FNF:1
FNH:1
FNDA:1,getUserFromDatabase
DA:2,1
DA:5,1
LF:2
LH:2
BRF:0
BRH:0
end_of_record
TN:
SF:src\function\userUtils.js
FN:2,getUserFullName
FN:9,calculateAge
FN:26,getUserInitials
FNF:3
FNH:2
FNDA:1,getUserFullName
FNDA:2,calculateAge
FNDA:0,getUserInitials
DA:3,1
DA:4,1
DA:6,0
DA:11,2
DA:12,0
DA:15,2
DA:18,2
DA:19,1
DA:21,1
DA:27,0
DA:28,0
DA:30,0
DA:33,1
LF:13
LH:8
BRDA:3,0,0,1
BRDA:3,0,1,0
BRDA:3,1,0,1
BRDA:3,1,1,1
BRDA:3,1,2,1
BRDA:6,2,0,0
BRDA:6,2,1,0
BRDA:11,3,0,0
BRDA:11,3,1,2
BRDA:11,4,0,2
BRDA:11,4,1,2
BRDA:11,5,0,2
BRDA:11,5,1,0
BRDA:11,5,2,0
BRDA:18,6,0,1
BRDA:18,6,1,1
BRDA:18,7,0,2
BRDA:18,7,1,2
BRDA:27,8,0,0
BRDA:27,8,1,0
BRDA:27,9,0,0
BRDA:27,9,1,0
BRDA:27,9,2,0
BRF:23
BRH:12
end_of_record
